<?xml version="1.0" encoding="UTF-8"?>
<!-- Generated by org.testng.reporters.JUnitReportReporter -->
<testsuite skipped="0" hostname="LAPTOP-83PKPEG5" name="samptest.Sample2" tests="2" failures="0" timestamp="2020-09-15T11:28:52 BST" time="0.016" errors="0">
  <testcase name="welcome1" time="0.016" classname="samptest.Sample2"/>
  <system-out/>
  <testcase name="welcome2" time="0.000" classname="samptest.Sample2"/>
  <system-out/>
</testsuite> <!-- samptest.Sample2 -->
