<?xml version="1.0" encoding="UTF-8"?>
<!-- Generated by org.testng.reporters.JUnitReportReporter -->
<testsuite skipped="0" hostname="LAPTOP-83PKPEG5" name="samptest.MySampleTest" tests="6" failures="0" timestamp="2020-09-15T11:28:52 BST" time="0.015" errors="0">
  <testcase name="login2" time="0.000" classname="samptest.MySampleTest"/>
  <system-out/>
  <testcase name="login3" time="0.000" classname="samptest.MySampleTest"/>
  <system-out/>
  <testcase name="login5" time="0.000" classname="samptest.MySampleTest"/>
  <system-out/>
  <testcase name="login1" time="0.015" classname="samptest.MySampleTest"/>
  <system-out/>
  <testcase name="login4" time="0.000" classname="samptest.MySampleTest"/>
  <system-out/>
  <testcase name="login5" time="0.000" classname="samptest.MySampleTest"/>
  <system-out/>
</testsuite> <!-- samptest.MySampleTest -->
