<?xml version="1.0" encoding="UTF-8"?>
<!-- Generated by org.testng.reporters.JUnitReportReporter -->
<testsuite skipped="0" hostname="LAPTOP-83PKPEG5" name="Sample3p.HelloWorld" tests="5" failures="0" timestamp="2020-09-15T11:28:52 BST" time="0.016" errors="0">
  <testcase name="greeting1" time="0.000" classname="Sample3p.HelloWorld"/>
  <system-out/>
  <testcase name="greeting1" time="0.000" classname="Sample3p.HelloWorld"/>
  <system-out/>
  <testcase name="greeting3" time="0.016" classname="Sample3p.HelloWorld"/>
  <system-out/>
  <testcase name="greeting2" time="0.000" classname="Sample3p.HelloWorld"/>
  <system-out/>
  <testcase name="greeting2" time="0.000" classname="Sample3p.HelloWorld"/>
  <system-out/>
</testsuite> <!-- Sample3p.HelloWorld -->
